15:25:14 **** Incremental Build of configuration Debug for project masb-final-project ****
make -j4 all 
arm-none-eabi-gcc "../Core/Src/components/chronoamperometry.c" -mcpu=cortex-m4 -std=gnu11 -g3 -DUSE_HAL_DRIVER -DSTM32F401xE -DDEBUG -c -I../Drivers/CMSIS/Include -I../Drivers/STM32F4xx_HAL_Driver/Inc -I../Core/Inc -I../Drivers/CMSIS/Device/ST/STM32F4xx/Include -I../Drivers/STM32F4xx_HAL_Driver/Inc/Legacy -O0 -ffunction-sections -fdata-sections -Wall -fstack-usage -MMD -MP -MF"Core/Src/components/chronoamperometry.d" -MT"Core/Src/components/chronoamperometry.o" --specs=nano.specs -mfpu=fpv4-sp-d16 -mfloat-abi=hard -mthumb -o "Core/Src/components/chronoamperometry.o"
arm-none-eabi-gcc "../Core/Src/components/stm32main.c" -mcpu=cortex-m4 -std=gnu11 -g3 -DUSE_HAL_DRIVER -DSTM32F401xE -DDEBUG -c -I../Drivers/CMSIS/Include -I../Drivers/STM32F4xx_HAL_Driver/Inc -I../Core/Inc -I../Drivers/CMSIS/Device/ST/STM32F4xx/Include -I../Drivers/STM32F4xx_HAL_Driver/Inc/Legacy -O0 -ffunction-sections -fdata-sections -Wall -fstack-usage -MMD -MP -MF"Core/Src/components/stm32main.d" -MT"Core/Src/components/stm32main.o" --specs=nano.specs -mfpu=fpv4-sp-d16 -mfloat-abi=hard -mthumb -o "Core/Src/components/stm32main.o"
../Core/Src/components/stm32main.c:9:10: fatal error: components/pmu.h: No such file or directory
 #include "components/pmu.h"
          ^~~~~~~~~~~~~~~~~~
compilation terminated.
make: *** [Core/Src/components/subdir.mk:38: Core/Src/components/stm32main.o] Error 1
make: *** Waiting for unfinished jobs....
../Core/Src/components/chronoamperometry.c:11:10: fatal error: components/dac.h: No such file or directory
 #include "components/dac.h"
          ^~~~~~~~~~~~~~~~~~
compilation terminated.
make: *** [Core/Src/components/subdir.mk:30: Core/Src/components/chronoamperometry.o] Error 1
"make -j4 all" terminated with exit code 2. Build might be incomplete.
